# JRE version: Java(TM) SE Runtime Environment (8.0_20-b26) (build 1.8.0_20-b26)
# Java VM: Java HotSpot(TM) 64-Bit Server VM (25.20-b23 mixed mode bsd-amd64 compressed oops)
Heap:
 PSYoungGen      total 68096K, used 32382K [0x00000007aab00000, 0x00000007af900000, 0x00000007c0000000)
  eden space 62464K, 51% used [0x00000007aab00000,0x00000007aca9f8c8,0x00000007ae800000)
  from space 5632K, 0% used [0x00000007af380000,0x00000007af380000,0x00000007af900000)
  to   space 8704K, 0% used [0x00000007ae800000,0x00000007ae800000,0x00000007af080000)
 ParOldGen       total 88576K, used 28671K [0x0000000780000000, 0x0000000785680000, 0x00000007aab00000)
  object space 88576K, 32% used [0x0000000780000000,0x0000000781bfff48,0x0000000785680000)
 Metaspace       used 9675K, capacity 9805K, committed 10112K, reserved 1058816K
  class space    used 1007K, capacity 1049K, committed 1152K, reserved 1048576K
GC Heap History (10 events):
Event: 4.322 GC heap before
{Heap before GC invocations=3 (full 0):
 PSYoungGen      total 18944K, used 17872K [0x00000007aab00000, 0x00000007ad000000, 0x00000007c0000000)
  eden space 16384K, 100% used [0x00000007aab00000,0x00000007abb00000,0x00000007abb00000)
  from space 2560K, 58% used [0x00000007abd80000,0x00000007abef4010,0x00000007ac000000)
  to   space 2560K, 0% used [0x00000007abb00000,0x00000007abb00000,0x00000007abd80000)
 ParOldGen       total 44032K, used 3649K [0x0000000780000000, 0x0000000782b00000, 0x00000007aab00000)
  object space 44032K, 8% used [0x0000000780000000,0x0000000780390518,0x0000000782b00000)
 Metaspace       used 8888K, capacity 9007K, committed 9216K, reserved 1056768K
  class space    used 933K, capacity 954K, committed 1024K, reserved 1048576K
Event: 4.328 GC heap after
Heap after GC invocations=3 (full 0):
 PSYoungGen      total 18944K, used 2528K [0x00000007aab00000, 0x00000007ad000000, 0x00000007c0000000)
  eden space 16384K, 0% used [0x00000007aab00000,0x00000007aab00000,0x00000007abb00000)
  from space 2560K, 98% used [0x00000007abb00000,0x00000007abd78030,0x00000007abd80000)
  to   space 2560K, 0% used [0x00000007acd80000,0x00000007acd80000,0x00000007ad000000)
 ParOldGen       total 44032K, used 7849K [0x0000000780000000, 0x0000000782b00000, 0x00000007aab00000)
  object space 44032K, 17% used [0x0000000780000000,0x00000007807aa558,0x0000000782b00000)
 Metaspace       used 8888K, capacity 9007K, committed 9216K, reserved 1056768K
  class space    used 933K, capacity 954K, committed 1024K, reserved 1048576K
}
Event: 4.418 GC heap before
{Heap before GC invocations=4 (full 0):
 PSYoungGen      total 18944K, used 18912K [0x00000007aab00000, 0x00000007ad000000, 0x00000007c0000000)
  eden space 16384K, 100% used [0x00000007aab00000,0x00000007abb00000,0x00000007abb00000)
  from space 2560K, 98% used [0x00000007abb00000,0x00000007abd78030,0x00000007abd80000)
  to   space 2560K, 0% used [0x00000007acd80000,0x00000007acd80000,0x00000007ad000000)
 ParOldGen       total 44032K, used 7849K [0x0000000780000000, 0x0000000782b00000, 0x00000007aab00000)
  object space 44032K, 17% used [0x0000000780000000,0x00000007807aa558,0x0000000782b00000)
 Metaspace       used 9275K, capacity 9391K, committed 9472K, reserved 1058816K
  class space    used 983K, capacity 1018K, committed 1024K, reserved 1048576K
Event: 4.429 GC heap after
Heap after GC invocations=4 (full 0):
 PSYoungGen      total 35328K, used 1552K [0x00000007aab00000, 0x00000007ad000000, 0x00000007c0000000)
  eden space 32768K, 0% used [0x00000007aab00000,0x00000007aab00000,0x00000007acb00000)
  from space 2560K, 60% used [0x00000007acd80000,0x00000007acf04010,0x00000007ad000000)
  to   space 2560K, 0% used [0x00000007acb00000,0x00000007acb00000,0x00000007acd80000)
 ParOldGen       total 44032K, used 26074K [0x0000000780000000, 0x0000000782b00000, 0x00000007aab00000)
  object space 44032K, 59% used [0x0000000780000000,0x0000000781976988,0x0000000782b00000)
 Metaspace       used 9275K, capacity 9391K, committed 9472K, reserved 1058816K
  class space    used 983K, capacity 1018K, committed 1024K, reserved 1048576K
}
Event: 4.582 GC heap before
{Heap before GC invocations=5 (full 0):
 PSYoungGen      total 35328K, used 34320K [0x00000007aab00000, 0x00000007ad000000, 0x00000007c0000000)
  eden space 32768K, 100% used [0x00000007aab00000,0x00000007acb00000,0x00000007acb00000)
  from space 2560K, 60% used [0x00000007acd80000,0x00000007acf04010,0x00000007ad000000)
  to   space 2560K, 0% used [0x00000007acb00000,0x00000007acb00000,0x00000007acd80000)
 ParOldGen       total 44032K, used 26074K [0x0000000780000000, 0x0000000782b00000, 0x00000007aab00000)
  object space 44032K, 59% used [0x0000000780000000,0x0000000781976988,0x0000000782b00000)
 Metaspace       used 9277K, capacity 9391K, committed 9472K, reserved 1058816K
  class space    used 984K, capacity 1018K, committed 1024K, reserved 1048576K
Event: 4.602 GC heap after
Heap after GC invocations=5 (full 0):
 PSYoungGen      total 35328K, used 1536K [0x00000007aab00000, 0x00000007afc00000, 0x00000007c0000000)
  eden space 32768K, 0% used [0x00000007aab00000,0x00000007aab00000,0x00000007acb00000)
  from space 2560K, 60% used [0x00000007acb00000,0x00000007acc80000,0x00000007acd80000)
  to   space 8704K, 0% used [0x00000007af380000,0x00000007af380000,0x00000007afc00000)
 ParOldGen       total 82432K, used 71046K [0x0000000780000000, 0x0000000785080000, 0x00000007aab00000)
  object space 82432K, 86% used [0x0000000780000000,0x00000007845619c8,0x0000000785080000)
 Metaspace       used 9277K, capacity 9391K, committed 9472K, reserved 1058816K
  class space    used 984K, capacity 1018K, committed 1024K, reserved 1048576K
}
Event: 4.602 GC heap before
{Heap before GC invocations=6 (full 1):
 PSYoungGen      total 35328K, used 1536K [0x00000007aab00000, 0x00000007afc00000, 0x00000007c0000000)
  eden space 32768K, 0% used [0x00000007aab00000,0x00000007aab00000,0x00000007acb00000)
  from space 2560K, 60% used [0x00000007acb00000,0x00000007acc80000,0x00000007acd80000)
  to   space 8704K, 0% used [0x00000007af380000,0x00000007af380000,0x00000007afc00000)
 ParOldGen       total 82432K, used 71046K [0x0000000780000000, 0x0000000785080000, 0x00000007aab00000)
  object space 82432K, 86% used [0x0000000780000000,0x00000007845619c8,0x0000000785080000)
 Metaspace       used 9277K, capacity 9391K, committed 9472K, reserved 1058816K
  class space    used 984K, capacity 1018K, committed 1024K, reserved 1048576K
Event: 4.627 GC heap after
Heap after GC invocations=6 (full 1):
 PSYoungGen      total 35328K, used 0K [0x00000007aab00000, 0x00000007afc00000, 0x00000007c0000000)
  eden space 32768K, 0% used [0x00000007aab00000,0x00000007aab00000,0x00000007acb00000)
  from space 2560K, 0% used [0x00000007acb00000,0x00000007acb00000,0x00000007acd80000)
  to   space 8704K, 0% used [0x00000007af380000,0x00000007af380000,0x00000007afc00000)
 ParOldGen       total 88576K, used 28671K [0x0000000780000000, 0x0000000785680000, 0x00000007aab00000)
  object space 88576K, 32% used [0x0000000780000000,0x0000000781bfff48,0x0000000785680000)
 Metaspace       used 9275K, capacity 9389K, committed 9472K, reserved 1058816K
  class space    used 983K, capacity 1017K, committed 1024K, reserved 1048576K
}
Event: 4.682 GC heap before
{Heap before GC invocations=7 (full 1):
 PSYoungGen      total 35328K, used 32768K [0x00000007aab00000, 0x00000007afc00000, 0x00000007c0000000)
  eden space 32768K, 100% used [0x00000007aab00000,0x00000007acb00000,0x00000007acb00000)
  from space 2560K, 0% used [0x00000007acb00000,0x00000007acb00000,0x00000007acd80000)
  to   space 8704K, 0% used [0x00000007af380000,0x00000007af380000,0x00000007afc00000)
 ParOldGen       total 88576K, used 28671K [0x0000000780000000, 0x0000000785680000, 0x00000007aab00000)
  object space 88576K, 32% used [0x0000000780000000,0x0000000781bfff48,0x0000000785680000)
 Metaspace       used 9275K, capacity 9389K, committed 9472K, reserved 1058816K
  class space    used 983K, capacity 1017K, committed 1024K, reserved 1048576K
Event: 4.682 GC heap after
Heap after GC invocations=7 (full 1):
 PSYoungGen      total 68096K, used 0K [0x00000007aab00000, 0x00000007af900000, 0x00000007c0000000)
  eden space 62464K, 0% used [0x00000007aab00000,0x00000007aab00000,0x00000007ae800000)
  from space 5632K, 0% used [0x00000007af380000,0x00000007af380000,0x00000007af900000)
  to   space 8704K, 0% used [0x00000007ae800000,0x00000007ae800000,0x00000007af080000)
 ParOldGen       total 88576K, used 28671K [0x0000000780000000, 0x0000000785680000, 0x00000007aab00000)
  object space 88576K, 32% used [0x0000000780000000,0x0000000781bfff48,0x0000000785680000)
 Metaspace       used 9275K, capacity 9389K, committed 9472K, reserved 1058816K
  class space    used 983K, capacity 1017K, committed 1024K, reserved 1048576K
}

