# JRE version: Java(TM) SE Runtime Environment (8.0_20-b26) (build 1.8.0_20-b26)
# Java VM: Java HotSpot(TM) 64-Bit Server VM (25.20-b23 mixed mode bsd-amd64 compressed oops)
Heap:
 PSYoungGen      total 83456K, used 62747K [0x00000007aab00000, 0x00000007b1380000, 0x00000007c0000000)
  eden space 74240K, 84% used [0x00000007aab00000,0x00000007ae846d38,0x00000007af380000)
  from space 9216K, 0% used [0x00000007afe80000,0x00000007afe80000,0x00000007b0780000)
  to   space 11264K, 0% used [0x00000007af380000,0x00000007af380000,0x00000007afe80000)
 ParOldGen       total 110080K, used 28643K [0x0000000780000000, 0x0000000786b80000, 0x00000007aab00000)
  object space 110080K, 26% used [0x0000000780000000,0x0000000781bf8f40,0x0000000786b80000)
 Metaspace       used 10117K, capacity 10285K, committed 10368K, reserved 1058816K
  class space    used 1038K, capacity 1081K, committed 1152K, reserved 1048576K
GC Heap History (10 events):
Event: 4.565 GC heap before
{Heap before GC invocations=7 (full 2):
 PSYoungGen      total 35328K, used 160K [0x00000007aab00000, 0x00000007afb80000, 0x00000007c0000000)
  eden space 32768K, 0% used [0x00000007aab00000,0x00000007aab00000,0x00000007acb00000)
  from space 2560K, 6% used [0x00000007acb00000,0x00000007acb28000,0x00000007acd80000)
  to   space 9728K, 0% used [0x00000007af200000,0x00000007af200000,0x00000007afb80000)
 ParOldGen       total 57856K, used 53264K [0x0000000780000000, 0x0000000783880000, 0x00000007aab00000)
  object space 57856K, 92% used [0x0000000780000000,0x0000000783404280,0x0000000783880000)
 Metaspace       used 9277K, capacity 9389K, committed 9472K, reserved 1058816K
  class space    used 984K, capacity 1017K, committed 1024K, reserved 1048576K
Event: 4.575 GC heap after
Heap after GC invocations=7 (full 2):
 PSYoungGen      total 35328K, used 0K [0x00000007aab00000, 0x00000007afb80000, 0x00000007c0000000)
  eden space 32768K, 0% used [0x00000007aab00000,0x00000007aab00000,0x00000007acb00000)
  from space 2560K, 0% used [0x00000007acb00000,0x00000007acb00000,0x00000007acd80000)
  to   space 9728K, 0% used [0x00000007af200000,0x00000007af200000,0x00000007afb80000)
 ParOldGen       total 96768K, used 28691K [0x0000000780000000, 0x0000000785e80000, 0x00000007aab00000)
  object space 96768K, 29% used [0x0000000780000000,0x0000000781c04c78,0x0000000785e80000)
 Metaspace       used 9277K, capacity 9389K, committed 9472K, reserved 1058816K
  class space    used 984K, capacity 1017K, committed 1024K, reserved 1048576K
}
Event: 4.625 GC heap before
{Heap before GC invocations=8 (full 2):
 PSYoungGen      total 35328K, used 32768K [0x00000007aab00000, 0x00000007afb80000, 0x00000007c0000000)
  eden space 32768K, 100% used [0x00000007aab00000,0x00000007acb00000,0x00000007acb00000)
  from space 2560K, 0% used [0x00000007acb00000,0x00000007acb00000,0x00000007acd80000)
  to   space 9728K, 0% used [0x00000007af200000,0x00000007af200000,0x00000007afb80000)
 ParOldGen       total 96768K, used 28691K [0x0000000780000000, 0x0000000785e80000, 0x00000007aab00000)
  object space 96768K, 29% used [0x0000000780000000,0x0000000781c04c78,0x0000000785e80000)
 Metaspace       used 9277K, capacity 9389K, committed 9472K, reserved 1058816K
  class space    used 984K, capacity 1017K, committed 1024K, reserved 1048576K
Event: 4.626 GC heap after
Heap after GC invocations=8 (full 2):
 PSYoungGen      total 51712K, used 0K [0x00000007aab00000, 0x00000007af280000, 0x00000007c0000000)
  eden space 51200K, 0% used [0x00000007aab00000,0x00000007aab00000,0x00000007add00000)
  from space 512K, 0% used [0x00000007af200000,0x00000007af200000,0x00000007af280000)
  to   space 9728K, 0% used [0x00000007adf80000,0x00000007adf80000,0x00000007ae900000)
 ParOldGen       total 96768K, used 28691K [0x0000000780000000, 0x0000000785e80000, 0x00000007aab00000)
  object space 96768K, 29% used [0x0000000780000000,0x0000000781c04c78,0x0000000785e80000)
 Metaspace       used 9277K, capacity 9389K, committed 9472K, reserved 1058816K
  class space    used 984K, capacity 1017K, committed 1024K, reserved 1048576K
}
Event: 5.915 GC heap before
{Heap before GC invocations=9 (full 2):
 PSYoungGen      total 51712K, used 50419K [0x00000007aab00000, 0x00000007af280000, 0x00000007c0000000)
  eden space 51200K, 98% used [0x00000007aab00000,0x00000007adc3cd68,0x00000007add00000)
  from space 512K, 0% used [0x00000007af200000,0x00000007af200000,0x00000007af280000)
  to   space 9728K, 0% used [0x00000007adf80000,0x00000007adf80000,0x00000007ae900000)
 ParOldGen       total 96768K, used 28691K [0x0000000780000000, 0x0000000785e80000, 0x00000007aab00000)
  object space 96768K, 29% used [0x0000000780000000,0x0000000781c04c78,0x0000000785e80000)
 Metaspace       used 9387K, capacity 9549K, committed 9856K, reserved 1058816K
  class space    used 991K, capacity 1049K, committed 1152K, reserved 1048576K
Event: 5.917 GC heap after
Heap after GC invocations=9 (full 2):
 PSYoungGen      total 63488K, used 224K [0x00000007aab00000, 0x00000007b0780000, 0x00000007c0000000)
  eden space 53760K, 0% used [0x00000007aab00000,0x00000007aab00000,0x00000007adf80000)
  from space 9728K, 2% used [0x00000007adf80000,0x00000007adfb8000,0x00000007ae900000)
  to   space 9216K, 0% used [0x00000007afe80000,0x00000007afe80000,0x00000007b0780000)
 ParOldGen       total 96768K, used 28699K [0x0000000780000000, 0x0000000785e80000, 0x00000007aab00000)
  object space 96768K, 29% used [0x0000000780000000,0x0000000781c06c78,0x0000000785e80000)
 Metaspace       used 9387K, capacity 9549K, committed 9856K, reserved 1058816K
  class space    used 991K, capacity 1049K, committed 1152K, reserved 1048576K
}
Event: 6.109 GC heap before
{Heap before GC invocations=10 (full 2):
 PSYoungGen      total 63488K, used 53984K [0x00000007aab00000, 0x00000007b0780000, 0x00000007c0000000)
  eden space 53760K, 100% used [0x00000007aab00000,0x00000007adf80000,0x00000007adf80000)
  from space 9728K, 2% used [0x00000007adf80000,0x00000007adfb8000,0x00000007ae900000)
  to   space 9216K, 0% used [0x00000007afe80000,0x00000007afe80000,0x00000007b0780000)
 ParOldGen       total 96768K, used 28699K [0x0000000780000000, 0x0000000785e80000, 0x00000007aab00000)
  object space 96768K, 29% used [0x0000000780000000,0x0000000781c06c78,0x0000000785e80000)
 Metaspace       used 9387K, capacity 9549K, committed 9856K, reserved 1058816K
  class space    used 991K, capacity 1049K, committed 1152K, reserved 1048576K
Event: 6.127 GC heap after
Heap after GC invocations=10 (full 2):
 PSYoungGen      total 83456K, used 8260K [0x00000007aab00000, 0x00000007b1380000, 0x00000007c0000000)
  eden space 74240K, 0% used [0x00000007aab00000,0x00000007aab00000,0x00000007af380000)
  from space 9216K, 89% used [0x00000007afe80000,0x00000007b0691010,0x00000007b0780000)
  to   space 11264K, 0% used [0x00000007af380000,0x00000007af380000,0x00000007afe80000)
 ParOldGen       total 96768K, used 71500K [0x0000000780000000, 0x0000000785e80000, 0x00000007aab00000)
  object space 96768K, 73% used [0x0000000780000000,0x00000007845d30c8,0x0000000785e80000)
 Metaspace       used 9387K, capacity 9549K, committed 9856K, reserved 1058816K
  class space    used 991K, capacity 1049K, committed 1152K, reserved 1048576K
}
Event: 6.127 GC heap before
{Heap before GC invocations=11 (full 3):
 PSYoungGen      total 83456K, used 8260K [0x00000007aab00000, 0x00000007b1380000, 0x00000007c0000000)
  eden space 74240K, 0% used [0x00000007aab00000,0x00000007aab00000,0x00000007af380000)
  from space 9216K, 89% used [0x00000007afe80000,0x00000007b0691010,0x00000007b0780000)
  to   space 11264K, 0% used [0x00000007af380000,0x00000007af380000,0x00000007afe80000)
 ParOldGen       total 96768K, used 71500K [0x0000000780000000, 0x0000000785e80000, 0x00000007aab00000)
  object space 96768K, 73% used [0x0000000780000000,0x00000007845d30c8,0x0000000785e80000)
 Metaspace       used 9387K, capacity 9549K, committed 9856K, reserved 1058816K
  class space    used 991K, capacity 1049K, committed 1152K, reserved 1048576K
Event: 6.152 GC heap after
Heap after GC invocations=11 (full 3):
 PSYoungGen      total 83456K, used 0K [0x00000007aab00000, 0x00000007b1380000, 0x00000007c0000000)
  eden space 74240K, 0% used [0x00000007aab00000,0x00000007aab00000,0x00000007af380000)
  from space 9216K, 0% used [0x00000007afe80000,0x00000007afe80000,0x00000007b0780000)
  to   space 11264K, 0% used [0x00000007af380000,0x00000007af380000,0x00000007afe80000)
 ParOldGen       total 110080K, used 28643K [0x0000000780000000, 0x0000000786b80000, 0x00000007aab00000)
  object space 110080K, 26% used [0x0000000780000000,0x0000000781bf8f40,0x0000000786b80000)
 Metaspace       used 9387K, capacity 9549K, committed 9856K, reserved 1058816K
  class space    used 991K, capacity 1049K, committed 1152K, reserved 1048576K
}

