# JRE version: Java(TM) SE Runtime Environment (8.0_20-b26) (build 1.8.0_20-b26)
# Java VM: Java HotSpot(TM) 64-Bit Server VM (25.20-b23 mixed mode bsd-amd64 compressed oops)
Heap:
 PSYoungGen      total 105472K, used 69709K [0x00000007aab00000, 0x00000007b2380000, 0x00000007c0000000)
  eden space 92672K, 75% used [0x00000007aab00000,0x00000007aef13650,0x00000007b0580000)
  from space 12800K, 0% used [0x00000007b1200000,0x00000007b1200000,0x00000007b1e80000)
  to   space 12800K, 0% used [0x00000007b0580000,0x00000007b0580000,0x00000007b1200000)
 ParOldGen       total 124416K, used 28705K [0x0000000780000000, 0x0000000787980000, 0x00000007aab00000)
  object space 124416K, 23% used [0x0000000780000000,0x0000000781c08460,0x0000000787980000)
 Metaspace       used 11338K, capacity 11437K, committed 11520K, reserved 1058816K
  class space    used 1173K, capacity 1209K, committed 1280K, reserved 1048576K
GC Heap History (10 events):
Event: 5.078 GC heap before
{Heap before GC invocations=7 (full 1):
 PSYoungGen      total 35328K, used 32768K [0x00000007aab00000, 0x00000007b0300000, 0x00000007c0000000)
  eden space 32768K, 100% used [0x00000007aab00000,0x00000007acb00000,0x00000007acb00000)
  from space 2560K, 0% used [0x00000007acb00000,0x00000007acb00000,0x00000007acd80000)
  to   space 12288K, 0% used [0x00000007af700000,0x00000007af700000,0x00000007b0300000)
 ParOldGen       total 44544K, used 8584K [0x0000000780000000, 0x0000000782b80000, 0x00000007aab00000)
  object space 44544K, 19% used [0x0000000780000000,0x00000007808620f0,0x0000000782b80000)
 Metaspace       used 9602K, capacity 9773K, committed 9856K, reserved 1058816K
  class space    used 1012K, capacity 1081K, committed 1152K, reserved 1048576K
Event: 5.091 GC heap after
Heap after GC invocations=7 (full 1):
 PSYoungGen      total 74752K, used 8260K [0x00000007aab00000, 0x00000007b0200000, 0x00000007c0000000)
  eden space 63488K, 0% used [0x00000007aab00000,0x00000007aab00000,0x00000007ae900000)
  from space 11264K, 73% used [0x00000007af700000,0x00000007aff11010,0x00000007b0200000)
  to   space 12800K, 0% used [0x00000007ae900000,0x00000007ae900000,0x00000007af580000)
 ParOldGen       total 60928K, used 57460K [0x0000000780000000, 0x0000000783b80000, 0x00000007aab00000)
  object space 60928K, 94% used [0x0000000780000000,0x000000078381d140,0x0000000783b80000)
 Metaspace       used 9602K, capacity 9773K, committed 9856K, reserved 1058816K
  class space    used 1012K, capacity 1081K, committed 1152K, reserved 1048576K
}
Event: 5.091 GC heap before
{Heap before GC invocations=8 (full 2):
 PSYoungGen      total 74752K, used 8260K [0x00000007aab00000, 0x00000007b0200000, 0x00000007c0000000)
  eden space 63488K, 0% used [0x00000007aab00000,0x00000007aab00000,0x00000007ae900000)
  from space 11264K, 73% used [0x00000007af700000,0x00000007aff11010,0x00000007b0200000)
  to   space 12800K, 0% used [0x00000007ae900000,0x00000007ae900000,0x00000007af580000)
 ParOldGen       total 60928K, used 57460K [0x0000000780000000, 0x0000000783b80000, 0x00000007aab00000)
  object space 60928K, 94% used [0x0000000780000000,0x000000078381d140,0x0000000783b80000)
 Metaspace       used 9602K, capacity 9773K, committed 9856K, reserved 1058816K
  class space    used 1012K, capacity 1081K, committed 1152K, reserved 1048576K
Event: 5.106 GC heap after
Heap after GC invocations=8 (full 2):
 PSYoungGen      total 74752K, used 0K [0x00000007aab00000, 0x00000007b0200000, 0x00000007c0000000)
  eden space 63488K, 0% used [0x00000007aab00000,0x00000007aab00000,0x00000007ae900000)
  from space 11264K, 0% used [0x00000007af700000,0x00000007af700000,0x00000007b0200000)
  to   space 12800K, 0% used [0x00000007ae900000,0x00000007ae900000,0x00000007af580000)
 ParOldGen       total 95232K, used 28973K [0x0000000780000000, 0x0000000785d00000, 0x00000007aab00000)
  object space 95232K, 30% used [0x0000000780000000,0x0000000781c4b4e0,0x0000000785d00000)
 Metaspace       used 9602K, capacity 9773K, committed 9856K, reserved 1058816K
  class space    used 1012K, capacity 1081K, committed 1152K, reserved 1048576K
}
Event: 6.330 GC heap before
{Heap before GC invocations=9 (full 2):
 PSYoungGen      total 74752K, used 63403K [0x00000007aab00000, 0x00000007b0200000, 0x00000007c0000000)
  eden space 63488K, 99% used [0x00000007aab00000,0x00000007ae8eadd8,0x00000007ae900000)
  from space 11264K, 0% used [0x00000007af700000,0x00000007af700000,0x00000007b0200000)
  to   space 12800K, 0% used [0x00000007ae900000,0x00000007ae900000,0x00000007af580000)
 ParOldGen       total 95232K, used 28973K [0x0000000780000000, 0x0000000785d00000, 0x00000007aab00000)
  object space 95232K, 30% used [0x0000000780000000,0x0000000781c4b4e0,0x0000000785d00000)
 Metaspace       used 9698K, capacity 9837K, committed 10112K, reserved 1058816K
  class space    used 1017K, capacity 1081K, committed 1152K, reserved 1048576K
Event: 6.333 GC heap after
Heap after GC invocations=9 (full 2):
 PSYoungGen      total 76288K, used 3296K [0x00000007aab00000, 0x00000007b1e80000, 0x00000007c0000000)
  eden space 63488K, 0% used [0x00000007aab00000,0x00000007aab00000,0x00000007ae900000)
  from space 12800K, 25% used [0x00000007ae900000,0x00000007aec38030,0x00000007af580000)
  to   space 12800K, 0% used [0x00000007b1200000,0x00000007b1200000,0x00000007b1e80000)
 ParOldGen       total 95232K, used 28981K [0x0000000780000000, 0x0000000785d00000, 0x00000007aab00000)
  object space 95232K, 30% used [0x0000000780000000,0x0000000781c4d4e0,0x0000000785d00000)
 Metaspace       used 9698K, capacity 9837K, committed 10112K, reserved 1058816K
  class space    used 1017K, capacity 1081K, committed 1152K, reserved 1048576K
}
Event: 6.574 GC heap before
{Heap before GC invocations=10 (full 2):
 PSYoungGen      total 76288K, used 66784K [0x00000007aab00000, 0x00000007b1e80000, 0x00000007c0000000)
  eden space 63488K, 100% used [0x00000007aab00000,0x00000007ae900000,0x00000007ae900000)
  from space 12800K, 25% used [0x00000007ae900000,0x00000007aec38030,0x00000007af580000)
  to   space 12800K, 0% used [0x00000007b1200000,0x00000007b1200000,0x00000007b1e80000)
 ParOldGen       total 95232K, used 28981K [0x0000000780000000, 0x0000000785d00000, 0x00000007aab00000)
  object space 95232K, 30% used [0x0000000780000000,0x0000000781c4d4e0,0x0000000785d00000)
 Metaspace       used 9707K, capacity 9837K, committed 10112K, reserved 1058816K
  class space    used 1017K, capacity 1081K, committed 1152K, reserved 1048576K
Event: 6.599 GC heap after
Heap after GC invocations=10 (full 2):
 PSYoungGen      total 105472K, used 8260K [0x00000007aab00000, 0x00000007b2380000, 0x00000007c0000000)
  eden space 92672K, 0% used [0x00000007aab00000,0x00000007aab00000,0x00000007b0580000)
  from space 12800K, 64% used [0x00000007b1200000,0x00000007b1a11010,0x00000007b1e80000)
  to   space 12800K, 0% used [0x00000007b0580000,0x00000007b0580000,0x00000007b1200000)
 ParOldGen       total 101376K, used 100270K [0x0000000780000000, 0x0000000786300000, 0x00000007aab00000)
  object space 101376K, 98% used [0x0000000780000000,0x00000007861eb960,0x0000000786300000)
 Metaspace       used 9707K, capacity 9837K, committed 10112K, reserved 1058816K
  class space    used 1017K, capacity 1081K, committed 1152K, reserved 1048576K
}
Event: 6.599 GC heap before
{Heap before GC invocations=11 (full 3):
 PSYoungGen      total 105472K, used 8260K [0x00000007aab00000, 0x00000007b2380000, 0x00000007c0000000)
  eden space 92672K, 0% used [0x00000007aab00000,0x00000007aab00000,0x00000007b0580000)
  from space 12800K, 64% used [0x00000007b1200000,0x00000007b1a11010,0x00000007b1e80000)
  to   space 12800K, 0% used [0x00000007b0580000,0x00000007b0580000,0x00000007b1200000)
 ParOldGen       total 101376K, used 100270K [0x0000000780000000, 0x0000000786300000, 0x00000007aab00000)
  object space 101376K, 98% used [0x0000000780000000,0x00000007861eb960,0x0000000786300000)
 Metaspace       used 9707K, capacity 9837K, committed 10112K, reserved 1058816K
  class space    used 1017K, capacity 1081K, committed 1152K, reserved 1048576K
Event: 6.629 GC heap after
Heap after GC invocations=11 (full 3):
 PSYoungGen      total 105472K, used 0K [0x00000007aab00000, 0x00000007b2380000, 0x00000007c0000000)
  eden space 92672K, 0% used [0x00000007aab00000,0x00000007aab00000,0x00000007b0580000)
  from space 12800K, 0% used [0x00000007b1200000,0x00000007b1200000,0x00000007b1e80000)
  to   space 12800K, 0% used [0x00000007b0580000,0x00000007b0580000,0x00000007b1200000)
 ParOldGen       total 124416K, used 28705K [0x0000000780000000, 0x0000000787980000, 0x00000007aab00000)
  object space 124416K, 23% used [0x0000000780000000,0x0000000781c08460,0x0000000787980000)
 Metaspace       used 9707K, capacity 9837K, committed 10112K, reserved 1058816K
  class space    used 1017K, capacity 1081K, committed 1152K, reserved 1048576K
}

