# JRE version: Java(TM) SE Runtime Environment (8.0_20-b26) (build 1.8.0_20-b26)
# Java VM: Java HotSpot(TM) 64-Bit Server VM (25.20-b23 mixed mode bsd-amd64 compressed oops)
Heap:
 PSYoungGen      total 52736K, used 32199K [0x00000007aab00000, 0x00000007af200000, 0x00000007c0000000)
  eden space 52224K, 61% used [0x00000007aab00000,0x00000007aca71f58,0x00000007ade00000)
  from space 512K, 0% used [0x00000007af180000,0x00000007af180000,0x00000007af200000)
  to   space 9728K, 0% used [0x00000007adf00000,0x00000007adf00000,0x00000007ae880000)
 ParOldGen       total 96256K, used 28690K [0x0000000780000000, 0x0000000785e00000, 0x00000007aab00000)
  object space 96256K, 29% used [0x0000000780000000,0x0000000781c04918,0x0000000785e00000)
 Metaspace       used 9587K, capacity 9677K, committed 9856K, reserved 1058816K
  class space    used 1006K, capacity 1049K, committed 1152K, reserved 1048576K
GC Heap History (10 events):
Event: 3.848 GC heap before
{Heap before GC invocations=4 (full 0):
 PSYoungGen      total 18944K, used 18912K [0x00000007aab00000, 0x00000007ad000000, 0x00000007c0000000)
  eden space 16384K, 100% used [0x00000007aab00000,0x00000007abb00000,0x00000007abb00000)
  from space 2560K, 98% used [0x00000007abb00000,0x00000007abd78010,0x00000007abd80000)
  to   space 2560K, 0% used [0x00000007acd80000,0x00000007acd80000,0x00000007ad000000)
 ParOldGen       total 44032K, used 8849K [0x0000000780000000, 0x0000000782b00000, 0x00000007aab00000)
  object space 44032K, 20% used [0x0000000780000000,0x00000007808a4578,0x0000000782b00000)
 Metaspace       used 9292K, capacity 9391K, committed 9472K, reserved 1058816K
  class space    used 986K, capacity 1018K, committed 1024K, reserved 1048576K
Event: 3.863 GC heap after
Heap after GC invocations=4 (full 0):
 PSYoungGen      total 35328K, used 1600K [0x00000007aab00000, 0x00000007ad000000, 0x00000007c0000000)
  eden space 32768K, 0% used [0x00000007aab00000,0x00000007aab00000,0x00000007acb00000)
  from space 2560K, 62% used [0x00000007acd80000,0x00000007acf10000,0x00000007ad000000)
  to   space 2560K, 0% used [0x00000007acb00000,0x00000007acb00000,0x00000007acd80000)
 ParOldGen       total 44032K, used 27082K [0x0000000780000000, 0x0000000782b00000, 0x00000007aab00000)
  object space 44032K, 61% used [0x0000000780000000,0x0000000781a729a8,0x0000000782b00000)
 Metaspace       used 9292K, capacity 9391K, committed 9472K, reserved 1058816K
  class space    used 986K, capacity 1018K, committed 1024K, reserved 1048576K
}
Event: 3.863 GC heap before
{Heap before GC invocations=5 (full 1):
 PSYoungGen      total 35328K, used 1600K [0x00000007aab00000, 0x00000007ad000000, 0x00000007c0000000)
  eden space 32768K, 0% used [0x00000007aab00000,0x00000007aab00000,0x00000007acb00000)
  from space 2560K, 62% used [0x00000007acd80000,0x00000007acf10000,0x00000007ad000000)
  to   space 2560K, 0% used [0x00000007acb00000,0x00000007acb00000,0x00000007acd80000)
 ParOldGen       total 44032K, used 27082K [0x0000000780000000, 0x0000000782b00000, 0x00000007aab00000)
  object space 44032K, 61% used [0x0000000780000000,0x0000000781a729a8,0x0000000782b00000)
 Metaspace       used 9292K, capacity 9391K, committed 9472K, reserved 1058816K
  class space    used 986K, capacity 1018K, committed 1024K, reserved 1048576K
Event: 3.890 GC heap after
Heap after GC invocations=5 (full 1):
 PSYoungGen      total 35328K, used 0K [0x00000007aab00000, 0x00000007ad000000, 0x00000007c0000000)
  eden space 32768K, 0% used [0x00000007aab00000,0x00000007aab00000,0x00000007acb00000)
  from space 2560K, 0% used [0x00000007acd80000,0x00000007acd80000,0x00000007ad000000)
  to   space 2560K, 0% used [0x00000007acb00000,0x00000007acb00000,0x00000007acd80000)
 ParOldGen       total 45056K, used 8299K [0x0000000780000000, 0x0000000782c00000, 0x00000007aab00000)
  object space 45056K, 18% used [0x0000000780000000,0x000000078081aee0,0x0000000782c00000)
 Metaspace       used 9291K, capacity 9389K, committed 9472K, reserved 1058816K
  class space    used 985K, capacity 1017K, committed 1024K, reserved 1048576K
}
Event: 4.043 GC heap before
{Heap before GC invocations=6 (full 1):
 PSYoungGen      total 35328K, used 32768K [0x00000007aab00000, 0x00000007ad000000, 0x00000007c0000000)
  eden space 32768K, 100% used [0x00000007aab00000,0x00000007acb00000,0x00000007acb00000)
  from space 2560K, 0% used [0x00000007acd80000,0x00000007acd80000,0x00000007ad000000)
  to   space 2560K, 0% used [0x00000007acb00000,0x00000007acb00000,0x00000007acd80000)
 ParOldGen       total 45056K, used 8299K [0x0000000780000000, 0x0000000782c00000, 0x00000007aab00000)
  object space 45056K, 18% used [0x0000000780000000,0x000000078081aee0,0x0000000782c00000)
 Metaspace       used 9293K, capacity 9389K, committed 9472K, reserved 1058816K
  class space    used 986K, capacity 1017K, committed 1024K, reserved 1048576K
Event: 4.060 GC heap after
Heap after GC invocations=6 (full 1):
 PSYoungGen      total 35328K, used 160K [0x00000007aab00000, 0x00000007afb00000, 0x00000007c0000000)
  eden space 32768K, 0% used [0x00000007aab00000,0x00000007aab00000,0x00000007acb00000)
  from space 2560K, 6% used [0x00000007acb00000,0x00000007acb28000,0x00000007acd80000)
  to   space 9728K, 0% used [0x00000007af180000,0x00000007af180000,0x00000007afb00000)
 ParOldGen       total 57856K, used 53263K [0x0000000780000000, 0x0000000783880000, 0x00000007aab00000)
  object space 57856K, 92% used [0x0000000780000000,0x0000000783403f20,0x0000000783880000)
 Metaspace       used 9293K, capacity 9389K, committed 9472K, reserved 1058816K
  class space    used 986K, capacity 1017K, committed 1024K, reserved 1048576K
}
Event: 4.060 GC heap before
{Heap before GC invocations=7 (full 2):
 PSYoungGen      total 35328K, used 160K [0x00000007aab00000, 0x00000007afb00000, 0x00000007c0000000)
  eden space 32768K, 0% used [0x00000007aab00000,0x00000007aab00000,0x00000007acb00000)
  from space 2560K, 6% used [0x00000007acb00000,0x00000007acb28000,0x00000007acd80000)
  to   space 9728K, 0% used [0x00000007af180000,0x00000007af180000,0x00000007afb00000)
 ParOldGen       total 57856K, used 53263K [0x0000000780000000, 0x0000000783880000, 0x00000007aab00000)
  object space 57856K, 92% used [0x0000000780000000,0x0000000783403f20,0x0000000783880000)
 Metaspace       used 9293K, capacity 9389K, committed 9472K, reserved 1058816K
  class space    used 986K, capacity 1017K, committed 1024K, reserved 1048576K
Event: 4.071 GC heap after
Heap after GC invocations=7 (full 2):
 PSYoungGen      total 35328K, used 0K [0x00000007aab00000, 0x00000007afb00000, 0x00000007c0000000)
  eden space 32768K, 0% used [0x00000007aab00000,0x00000007aab00000,0x00000007acb00000)
  from space 2560K, 0% used [0x00000007acb00000,0x00000007acb00000,0x00000007acd80000)
  to   space 9728K, 0% used [0x00000007af180000,0x00000007af180000,0x00000007afb00000)
 ParOldGen       total 96256K, used 28690K [0x0000000780000000, 0x0000000785e00000, 0x00000007aab00000)
  object space 96256K, 29% used [0x0000000780000000,0x0000000781c04918,0x0000000785e00000)
 Metaspace       used 9293K, capacity 9389K, committed 9472K, reserved 1058816K
  class space    used 986K, capacity 1017K, committed 1024K, reserved 1048576K
}
Event: 4.125 GC heap before
{Heap before GC invocations=8 (full 2):
 PSYoungGen      total 35328K, used 32768K [0x00000007aab00000, 0x00000007afb00000, 0x00000007c0000000)
  eden space 32768K, 100% used [0x00000007aab00000,0x00000007acb00000,0x00000007acb00000)
  from space 2560K, 0% used [0x00000007acb00000,0x00000007acb00000,0x00000007acd80000)
  to   space 9728K, 0% used [0x00000007af180000,0x00000007af180000,0x00000007afb00000)
 ParOldGen       total 96256K, used 28690K [0x0000000780000000, 0x0000000785e00000, 0x00000007aab00000)
  object space 96256K, 29% used [0x0000000780000000,0x0000000781c04918,0x0000000785e00000)
 Metaspace       used 9293K, capacity 9389K, committed 9472K, reserved 1058816K
  class space    used 986K, capacity 1017K, committed 1024K, reserved 1048576K
Event: 4.126 GC heap after
Heap after GC invocations=8 (full 2):
 PSYoungGen      total 52736K, used 0K [0x00000007aab00000, 0x00000007af200000, 0x00000007c0000000)
  eden space 52224K, 0% used [0x00000007aab00000,0x00000007aab00000,0x00000007ade00000)
  from space 512K, 0% used [0x00000007af180000,0x00000007af180000,0x00000007af200000)
  to   space 9728K, 0% used [0x00000007adf00000,0x00000007adf00000,0x00000007ae880000)
 ParOldGen       total 96256K, used 28690K [0x0000000780000000, 0x0000000785e00000, 0x00000007aab00000)
  object space 96256K, 29% used [0x0000000780000000,0x0000000781c04918,0x0000000785e00000)
 Metaspace       used 9293K, capacity 9389K, committed 9472K, reserved 1058816K
  class space    used 986K, capacity 1017K, committed 1024K, reserved 1048576K
}

