# JRE version: Java(TM) SE Runtime Environment (8.0_20-b26) (build 1.8.0_20-b26)
# Java VM: Java HotSpot(TM) 64-Bit Server VM (25.20-b23 mixed mode bsd-amd64 compressed oops)
Heap:
 PSYoungGen      total 68608K, used 31388K [0x00000007aab00000, 0x00000007af880000, 0x00000007c0000000)
  eden space 62976K, 49% used [0x00000007aab00000,0x00000007ac9a7138,0x00000007ae880000)
  from space 5632K, 0% used [0x00000007af300000,0x00000007af300000,0x00000007af880000)
  to   space 8192K, 0% used [0x00000007ae880000,0x00000007ae880000,0x00000007af080000)
 ParOldGen       total 88576K, used 28668K [0x0000000780000000, 0x0000000785680000, 0x00000007aab00000)
  object space 88576K, 32% used [0x0000000780000000,0x0000000781bff390,0x0000000785680000)
 Metaspace       used 9549K, capacity 9673K, committed 9856K, reserved 1058816K
  class space    used 1003K, capacity 1049K, committed 1152K, reserved 1048576K
GC Heap History (10 events):
Event: 4.347 GC heap before
{Heap before GC invocations=3 (full 0):
 PSYoungGen      total 18944K, used 17912K [0x00000007aab00000, 0x00000007ad000000, 0x00000007c0000000)
  eden space 16384K, 100% used [0x00000007aab00000,0x00000007abb00000,0x00000007abb00000)
  from space 2560K, 59% used [0x00000007abd80000,0x00000007abefe158,0x00000007ac000000)
  to   space 2560K, 0% used [0x00000007abb00000,0x00000007abb00000,0x00000007abd80000)
 ParOldGen       total 44032K, used 2610K [0x0000000780000000, 0x0000000782b00000, 0x00000007aab00000)
  object space 44032K, 5% used [0x0000000780000000,0x000000078028cb28,0x0000000782b00000)
 Metaspace       used 8883K, capacity 9003K, committed 9216K, reserved 1056768K
  class space    used 934K, capacity 954K, committed 1024K, reserved 1048576K
Event: 4.352 GC heap after
Heap after GC invocations=3 (full 0):
 PSYoungGen      total 18944K, used 2546K [0x00000007aab00000, 0x00000007ad000000, 0x00000007c0000000)
  eden space 16384K, 0% used [0x00000007aab00000,0x00000007aab00000,0x00000007abb00000)
  from space 2560K, 99% used [0x00000007abb00000,0x00000007abd7c900,0x00000007abd80000)
  to   space 2560K, 0% used [0x00000007acd80000,0x00000007acd80000,0x00000007ad000000)
 ParOldGen       total 44032K, used 6770K [0x0000000780000000, 0x0000000782b00000, 0x00000007aab00000)
  object space 44032K, 15% used [0x0000000780000000,0x000000078069cb68,0x0000000782b00000)
 Metaspace       used 8883K, capacity 9003K, committed 9216K, reserved 1056768K
  class space    used 934K, capacity 954K, committed 1024K, reserved 1048576K
}
Event: 4.429 GC heap before
{Heap before GC invocations=4 (full 0):
 PSYoungGen      total 18944K, used 18930K [0x00000007aab00000, 0x00000007ad000000, 0x00000007c0000000)
  eden space 16384K, 100% used [0x00000007aab00000,0x00000007abb00000,0x00000007abb00000)
  from space 2560K, 99% used [0x00000007abb00000,0x00000007abd7c900,0x00000007abd80000)
  to   space 2560K, 0% used [0x00000007acd80000,0x00000007acd80000,0x00000007ad000000)
 ParOldGen       total 44032K, used 6770K [0x0000000780000000, 0x0000000782b00000, 0x00000007aab00000)
  object space 44032K, 15% used [0x0000000780000000,0x000000078069cb68,0x0000000782b00000)
 Metaspace       used 9270K, capacity 9387K, committed 9472K, reserved 1058816K
  class space    used 985K, capacity 1018K, committed 1024K, reserved 1048576K
Event: 4.440 GC heap after
Heap after GC invocations=4 (full 0):
 PSYoungGen      total 35328K, used 1602K [0x00000007aab00000, 0x00000007ad000000, 0x00000007c0000000)
  eden space 32768K, 0% used [0x00000007aab00000,0x00000007aab00000,0x00000007acb00000)
  from space 2560K, 62% used [0x00000007acd80000,0x00000007acf10900,0x00000007ad000000)
  to   space 2560K, 0% used [0x00000007acb00000,0x00000007acb00000,0x00000007acd80000)
 ParOldGen       total 44032K, used 25003K [0x0000000780000000, 0x0000000782b00000, 0x00000007aab00000)
  object space 44032K, 56% used [0x0000000780000000,0x000000078186af98,0x0000000782b00000)
 Metaspace       used 9270K, capacity 9387K, committed 9472K, reserved 1058816K
  class space    used 985K, capacity 1018K, committed 1024K, reserved 1048576K
}
Event: 4.580 GC heap before
{Heap before GC invocations=5 (full 0):
 PSYoungGen      total 35328K, used 34370K [0x00000007aab00000, 0x00000007ad000000, 0x00000007c0000000)
  eden space 32768K, 100% used [0x00000007aab00000,0x00000007acb00000,0x00000007acb00000)
  from space 2560K, 62% used [0x00000007acd80000,0x00000007acf10900,0x00000007ad000000)
  to   space 2560K, 0% used [0x00000007acb00000,0x00000007acb00000,0x00000007acd80000)
 ParOldGen       total 44032K, used 25003K [0x0000000780000000, 0x0000000782b00000, 0x00000007aab00000)
  object space 44032K, 56% used [0x0000000780000000,0x000000078186af98,0x0000000782b00000)
 Metaspace       used 9272K, capacity 9387K, committed 9472K, reserved 1058816K
  class space    used 985K, capacity 1018K, committed 1024K, reserved 1048576K
Event: 4.599 GC heap after
Heap after GC invocations=5 (full 0):
 PSYoungGen      total 35328K, used 1542K [0x00000007aab00000, 0x00000007afb00000, 0x00000007c0000000)
  eden space 32768K, 0% used [0x00000007aab00000,0x00000007aab00000,0x00000007acb00000)
  from space 2560K, 60% used [0x00000007acb00000,0x00000007acc81868,0x00000007acd80000)
  to   space 8192K, 0% used [0x00000007af300000,0x00000007af300000,0x00000007afb00000)
 ParOldGen       total 82432K, used 69975K [0x0000000780000000, 0x0000000785080000, 0x00000007aab00000)
  object space 82432K, 84% used [0x0000000780000000,0x0000000784455fd8,0x0000000785080000)
 Metaspace       used 9272K, capacity 9387K, committed 9472K, reserved 1058816K
  class space    used 985K, capacity 1018K, committed 1024K, reserved 1048576K
}
Event: 4.599 GC heap before
{Heap before GC invocations=6 (full 1):
 PSYoungGen      total 35328K, used 1542K [0x00000007aab00000, 0x00000007afb00000, 0x00000007c0000000)
  eden space 32768K, 0% used [0x00000007aab00000,0x00000007aab00000,0x00000007acb00000)
  from space 2560K, 60% used [0x00000007acb00000,0x00000007acc81868,0x00000007acd80000)
  to   space 8192K, 0% used [0x00000007af300000,0x00000007af300000,0x00000007afb00000)
 ParOldGen       total 82432K, used 69975K [0x0000000780000000, 0x0000000785080000, 0x00000007aab00000)
  object space 82432K, 84% used [0x0000000780000000,0x0000000784455fd8,0x0000000785080000)
 Metaspace       used 9272K, capacity 9387K, committed 9472K, reserved 1058816K
  class space    used 985K, capacity 1018K, committed 1024K, reserved 1048576K
Event: 4.620 GC heap after
Heap after GC invocations=6 (full 1):
 PSYoungGen      total 35328K, used 0K [0x00000007aab00000, 0x00000007afb00000, 0x00000007c0000000)
  eden space 32768K, 0% used [0x00000007aab00000,0x00000007aab00000,0x00000007acb00000)
  from space 2560K, 0% used [0x00000007acb00000,0x00000007acb00000,0x00000007acd80000)
  to   space 8192K, 0% used [0x00000007af300000,0x00000007af300000,0x00000007afb00000)
 ParOldGen       total 88576K, used 28668K [0x0000000780000000, 0x0000000785680000, 0x00000007aab00000)
  object space 88576K, 32% used [0x0000000780000000,0x0000000781bff390,0x0000000785680000)
 Metaspace       used 9271K, capacity 9385K, committed 9472K, reserved 1058816K
  class space    used 985K, capacity 1017K, committed 1024K, reserved 1048576K
}
Event: 4.670 GC heap before
{Heap before GC invocations=7 (full 1):
 PSYoungGen      total 35328K, used 32768K [0x00000007aab00000, 0x00000007afb00000, 0x00000007c0000000)
  eden space 32768K, 100% used [0x00000007aab00000,0x00000007acb00000,0x00000007acb00000)
  from space 2560K, 0% used [0x00000007acb00000,0x00000007acb00000,0x00000007acd80000)
  to   space 8192K, 0% used [0x00000007af300000,0x00000007af300000,0x00000007afb00000)
 ParOldGen       total 88576K, used 28668K [0x0000000780000000, 0x0000000785680000, 0x00000007aab00000)
  object space 88576K, 32% used [0x0000000780000000,0x0000000781bff390,0x0000000785680000)
 Metaspace       used 9271K, capacity 9385K, committed 9472K, reserved 1058816K
  class space    used 985K, capacity 1017K, committed 1024K, reserved 1048576K
Event: 4.671 GC heap after
Heap after GC invocations=7 (full 1):
 PSYoungGen      total 68608K, used 0K [0x00000007aab00000, 0x00000007af880000, 0x00000007c0000000)
  eden space 62976K, 0% used [0x00000007aab00000,0x00000007aab00000,0x00000007ae880000)
  from space 5632K, 0% used [0x00000007af300000,0x00000007af300000,0x00000007af880000)
  to   space 8192K, 0% used [0x00000007ae880000,0x00000007ae880000,0x00000007af080000)
 ParOldGen       total 88576K, used 28668K [0x0000000780000000, 0x0000000785680000, 0x00000007aab00000)
  object space 88576K, 32% used [0x0000000780000000,0x0000000781bff390,0x0000000785680000)
 Metaspace       used 9271K, capacity 9385K, committed 9472K, reserved 1058816K
  class space    used 985K, capacity 1017K, committed 1024K, reserved 1048576K
}

